<?xml version="1.0" encoding="UTF-8"?>
<!-- Generated by org.testng.reporters.JUnitReportReporter -->
<testsuite skipped="0" hostname="ININTDT115591" name="test.DaveHaef.Selenium.TestDynamicLoading" tests="1" failures="0" timestamp="08 Jun 2017 05:23:46 GMT" time="5.856" errors="0">
  <testcase name="hiddenElementLoads" time="5.856" classname="test.DaveHaef.Selenium.TestDynamicLoading"/>
</testsuite> <!-- test.DaveHaef.Selenium.TestDynamicLoading -->
