<?xml version="1.0" encoding="UTF-8"?>
<!-- Generated by org.testng.reporters.JUnitReportReporter -->
<testsuite skipped="0" hostname="ININTDT115591" name="test.DaveHaef.Selenium.TestFailedLogin" tests="1" failures="0" timestamp="05 Jun 2017 06:35:05 GMT" time="1.640" errors="0">
  <testcase name="succedded" time="1.640" classname="test.DaveHaef.Selenium.TestFailedLogin"/>
</testsuite> <!-- test.DaveHaef.Selenium.TestFailedLogin -->
