<?xml version="1.0" encoding="UTF-8"?>
<!-- Generated by org.testng.reporters.JUnitReportReporter -->
<testsuite skipped="0" hostname="ININTLT115264" name="test.DaveHaef.Selenium.Tables" tests="1" failures="0" timestamp="18 Jun 2017 10:52:44 GMT" time="12.700" errors="0">
  <testcase name="withoutHelpfulMarkupDueAscending" time="12.700" classname="test.DaveHaef.Selenium.Tables"/>
</testsuite> <!-- test.DaveHaef.Selenium.Tables -->
