<?xml version="1.0" encoding="UTF-8"?>
<!-- Generated by org.testng.reporters.JUnitReportReporter -->
<testsuite skipped="0" hostname="ININTDT115591" name="test.DaveHaef.Selenium.Tables" tests="1" failures="0" timestamp="15 Jun 2017 03:07:35 GMT" time="5.864" errors="0">
  <testcase name="withoutHelpfulMarkupDueAscending" time="5.864" classname="test.DaveHaef.Selenium.Tables"/>
</testsuite> <!-- test.DaveHaef.Selenium.Tables -->
