<?xml version="1.0" encoding="UTF-8"?>
<!-- Generated by org.testng.reporters.JUnitReportReporter -->
<testsuite skipped="0" hostname="ININTDT115591" name="test.DaveHaef.Selenium.TestCaseLaunchGoogle" tests="1" failures="0" timestamp="05 Jun 2017 05:03:15 GMT" time="3.406" errors="0">
  <testcase name="test" time="3.406" classname="test.DaveHaef.Selenium.TestCaseLaunchGoogle"/>
</testsuite> <!-- test.DaveHaef.Selenium.TestCaseLaunchGoogle -->
