<?xml version="1.0" encoding="UTF-8"?>
<!-- Generated by org.testng.reporters.JUnitReportReporter -->
<testsuite skipped="0" hostname="ININTLT115264" name="test.DaveHaef.Selenium.TableSortDescending" tests="1" failures="0" timestamp="18 Jun 2017 10:53:12 GMT" time="9.631" errors="0">
  <testcase name="withoutHelpfulMarkupDueAscending" time="9.631" classname="test.DaveHaef.Selenium.TableSortDescending"/>
</testsuite> <!-- test.DaveHaef.Selenium.TableSortDescending -->
