<?xml version="1.0" encoding="UTF-8"?>
<!-- Generated by org.testng.reporters.JUnitReportReporter -->
<testsuite skipped="0" hostname="ININTDT115591" name="test.DaveHaef.Selenium.FluentWait" tests="1" failures="0" timestamp="12 Jun 2017 09:47:18 GMT" time="17.334" errors="0">
  <testcase name="test" time="17.334" classname="test.DaveHaef.Selenium.FluentWait"/>
</testsuite> <!-- test.DaveHaef.Selenium.FluentWait -->
