<?xml version="1.0" encoding="UTF-8"?>
<!-- Generated by org.testng.reporters.JUnitReportReporter -->
<testsuite skipped="0" hostname="ININTDT115591" name="test.DaveHaef.Selenium.TestLogin" tests="1" failures="0" timestamp="08 Jun 2017 04:40:20 GMT" time="1.596" errors="0">
  <testcase name="succedded" time="1.596" classname="test.DaveHaef.Selenium.TestLogin"/>
</testsuite> <!-- test.DaveHaef.Selenium.TestLogin -->
